Vivado Simulator 2018.2
Time resolution is 1 ps
Stopped at time : 0 fs : File "C:/Users/abied/Lab6/Lab6.srcs/sources_1/new/Multiplier.v" Line 15
Stopped at time : 0 fs : File "C:/Users/abied/Lab6/Lab6.srcs/sources_1/new/Multiplier.v" Line 13
Stopped at time : 0 fs : File "C:/Users/abied/Lab6/Lab6.sim/sim_1/behav/xsim/glbl.v" Line 52
Stopped at time : 0 fs : File "C:/Users/abied/Lab6/Lab6.sim/sim_1/behav/xsim/glbl.v" Line 53
Stopped at time : 0 fs : File "C:/Users/abied/Lab6/Lab6.sim/sim_1/behav/xsim/glbl.v" Line 54
Stopped at time : 0 fs : File "C:/Users/abied/Lab6/Lab6.sim/sim_1/behav/xsim/glbl.v" Line 17
Stopped at time : 0 fs : File "C:/Users/abied/Lab6/Lab6.srcs/sources_1/new/Multiplier.v" Line 10
Stopped at time : 0 fs : File "C:/Users/abied/Lab6/Lab6.sim/sim_1/behav/xsim/glbl.v" Line 42
Stopped at time : 0 fs : File "C:/Users/abied/Lab6/Lab6.sim/sim_1/behav/xsim/glbl.v" Line 43
Stopped at time : 0 fs : File "C:/Users/abied/Lab6/Lab6.sim/sim_1/behav/xsim/glbl.v" Line 44
Stopped at time : 0 fs : File "C:/Users/abied/Lab6/Lab6.sim/sim_1/behav/xsim/glbl.v" Line 45
Stopped at time : 0 fs : File "C:/Users/abied/Lab6/Lab6.sim/sim_1/behav/xsim/glbl.v" Line 47
Stopped at time : 0 fs : File "C:/Users/abied/Lab6/Lab6.sim/sim_1/behav/xsim/glbl.v" Line 48
Stopped at time : 0 fs : File "C:/Users/abied/Lab6/Lab6.sim/sim_1/behav/xsim/glbl.v" Line 49
Stopped at time : 0 fs : File "C:/Users/abied/Lab6/Lab6.sim/sim_1/behav/xsim/glbl.v" Line 50
Stopped at time : 0 fs : File "C:/Users/abied/Lab6/Lab6.sim/sim_1/behav/xsim/glbl.v" Line 57
Stopped at time : 0 fs : File "C:/Users/abied/Lab6/Lab6.sim/sim_1/behav/xsim/glbl.v" Line 58
Stopped at time : 0 fs : File "C:/Users/abied/Lab6/Lab6.sim/sim_1/behav/xsim/glbl.v" Line 59
Stopped at time : 0 fs : File "C:/Users/abied/Lab6/Lab6.sim/sim_1/behav/xsim/glbl.v" Line 65
Stopped at time : 0 fs : File "C:/Users/abied/Lab6/Lab6.sim/sim_1/behav/xsim/glbl.v" Line 66
Stopped at time : 0 fs : File "C:/Users/abied/Lab6/Lab6.sim/sim_1/behav/xsim/glbl.v" Line 52
Stopped at time : 0 fs : File "C:/Users/abied/Lab6/Lab6.sim/sim_1/behav/xsim/glbl.v" Line 54
Stopped at time : 0 fs : File "C:/Users/abied/Lab6/Lab6.sim/sim_1/behav/xsim/glbl.v" Line 53
Stopped at time : 0 fs : File "C:/Users/abied/Lab6/Lab6.sim/sim_1/behav/xsim/glbl.v" Line 67
Stopped at time : 0 fs : File "C:/Users/abied/Lab6/Lab6.sim/sim_1/behav/xsim/glbl.v" Line 53
Stopped at time : 100 ns : File "C:/Users/abied/Lab6/Lab6.sim/sim_1/behav/xsim/glbl.v" Line 60
Stopped at time : 100 ns : File "C:/Users/abied/Lab6/Lab6.sim/sim_1/behav/xsim/glbl.v" Line 61
Stopped at time : 100 ns : File "C:/Users/abied/Lab6/Lab6.sim/sim_1/behav/xsim/glbl.v" Line 52
Stopped at time : 100 ns : File "C:/Users/abied/Lab6/Lab6.sim/sim_1/behav/xsim/glbl.v" Line 54
